This is pdfTeX, Version 3.14159265-2.6-1.40.16 (TeX Live 2015) (preloaded format=pdflatex 2016.4.20)  4 FEB 2019 13:37
entering extended mode
 restricted \write18 enabled.
 file:line:error style messages enabled.
 %&-line parsing enabled.
**chap_intro.tex
(./chap_intro.tex
LaTeX2e <2015/01/01>
Babel <3.9l> and hyphenation patterns for 79 languages loaded.
./chap_intro.tex:9: Undefined control sequence.
l.9 \chapter
            [\titlong]{\titlong%
? 
./chap_intro.tex:9: Emergency stop.
l.9 \chapter
            [\titlong]{\titlong%
End of file on the terminal!

 
Here is how much of TeX's memory you used:
 7 strings out of 493089
 154 string characters out of 6134842
 53199 words of memory out of 5000000
 3592 multiletter control sequences out of 15000+600000
 3640 words of font info for 14 fonts, out of 8000000 for 9000
 1141 hyphenation exceptions out of 8191
 5i,0n,1p,81b,8s stack positions out of 5000i,500n,10000p,200000b,80000s
./chap_intro.tex:9:  ==> Fatal error occurred, no output PDF file produced!
